#
# There is insufficient memory for the Java Runtime Environment to continue.
# Native memory allocation (malloc) failed to allocate 1048576 bytes for AllocateHeap
# Possible reasons:
#   The system is out of physical RAM or swap space
#   In 32 bit mode, the process size limit was hit
# Possible solutions:
#   Reduce memory load on the system
#   Increase physical memory or swap space
#   Check if swap backing store is full
#   Use 64 bit Java on a 64 bit OS
#   Decrease Java heap size (-Xmx/-Xms)
#   Decrease number of Java threads
#   Decrease Java thread stack sizes (-Xss)
#   Set larger code cache with -XX:ReservedCodeCacheSize=
# This output file may be truncated or incomplete.
#
#  Out of Memory Error (memory/allocation.inline.hpp:61), pid=3476, tid=0x0000000000002984
#
# JRE version:  (8.0_144-b01) (build )
# Java VM: Java HotSpot(TM) 64-Bit Server VM (25.144-b01 mixed mode windows-amd64 compressed oops)
# Failed to write core dump. Minidumps are not enabled by default on client versions of Windows
#

---------------  T H R E A D  ---------------

Current thread (0x00000000028a2800):  JavaThread "Unknown thread" [_thread_in_vm, id=10628, stack(0x00000000027a0000,0x00000000028a0000)]

Stack: [0x00000000027a0000,0x00000000028a0000]
[error occurred during error reporting (printing stack bounds), id 0xc0000005]

Native frames: (J=compiled Java code, j=interpreted, Vv=VM code, C=native code)


---------------  P R O C E S S  ---------------

Java Threads: ( => current thread )

Other Threads:

=>0x00000000028a2800 (exited) JavaThread "Unknown thread" [_thread_in_vm, id=10628, stack(0x00000000027a0000,0x00000000028a0000)]

VM state:not at safepoint (normal execution)

VM Mutex/Monitor currently owned by a thread: None

Heap:
 PSYoungGen      total 29696K, used 512K [0x00000000df300000, 0x00000000e1400000, 0x0000000100000000)
  eden space 25600K, 2% used [0x00000000df300000,0x00000000df380010,0x00000000e0c00000)
  from space 4096K, 0% used [0x00000000e1000000,0x00000000e1000000,0x00000000e1400000)
  to   space 4096K, 0% used [0x00000000e0c00000,0x00000000e0c00000,0x00000000e1000000)
 ParOldGen       total 68608K, used 0K [0x000000009d800000, 0x00000000a1b00000, 0x00000000df300000)
  object space 68608K, 0% used [0x000000009d800000,0x000000009d800000,0x00000000a1b00000)
 Metaspace       used 757K, capacity 4480K, committed 4480K, reserved 1056768K
  class space    used 75K, capacity 384K, committed 384K, reserved 1048576K

Card table byte_map: [0x0000000011d60000,0x0000000012080000] byte_map_base: 0x0000000011874000

Marking Bits: (ParMarkBitMap*) 0x000000006dcad850
 Begin Bits: [0x0000000012690000, 0x0000000013f30000)
 End Bits:   [0x0000000013f30000, 0x00000000157d0000)

Polling page: 0x0000000000b40000

CodeCache: size=245760Kb used=328Kb max_used=328Kb free=245431Kb
 bounds [0x00000000029a0000, 0x0000000002c10000, 0x00000000119a0000]
 total_blobs=58 nmethods=0 adapters=38
 compilation: enabled

Compilation events (0 events):
No events

GC Heap History (0 events):
No events

Deoptimization events (0 events):
No events

Internal exceptions (0 events):
No events

Events (10 events):
Event: 0.070 loading class java/lang/Short
Event: 0.070 loading class java/lang/Short done
Event: 0.070 loading class java/lang/Integer
Event: 0.070 loading class java/lang/Integer done
Event: 0.070 loading class java/lang/Long
Event: 0.070 loading class java/lang/Long done
Event: 0.071 loading class java/lang/NullPointerException
Event: 0.072 loading class java/lang/NullPointerException done
Event: 0.072 loading class java/lang/ArithmeticException
Event: 0.072 loading class java/lang/ArithmeticException done


Dynamic libraries:
0x00007ff62dc30000 - 0x00007ff62dc67000 	C:\Program Files\Java\jre1.8.0_144\bin\javaw.exe
0x00007ffea97c0000 - 0x00007ffea99a1000 	C:\WINDOWS\SYSTEM32\ntdll.dll
0x00007ffea91e0000 - 0x00007ffea9292000 	C:\WINDOWS\System32\KERNEL32.DLL
0x00007ffea5eb0000 - 0x00007ffea6123000 	C:\WINDOWS\System32\KERNELBASE.dll
0x00007ffea8440000 - 0x00007ffea84e1000 	C:\WINDOWS\System32\ADVAPI32.dll
0x00007ffea92a0000 - 0x00007ffea933e000 	C:\WINDOWS\System32\msvcrt.dll
0x00007ffea96a0000 - 0x00007ffea96fb000 	C:\WINDOWS\System32\sechost.dll
0x00007ffea84f0000 - 0x00007ffea8614000 	C:\WINDOWS\System32\RPCRT4.dll
0x00007ffea8620000 - 0x00007ffea87b0000 	C:\WINDOWS\System32\USER32.dll
0x00007ffea6b90000 - 0x00007ffea6bb0000 	C:\WINDOWS\System32\win32u.dll
0x00007ffea9760000 - 0x00007ffea9788000 	C:\WINDOWS\System32\GDI32.dll
0x00007ffea5b90000 - 0x00007ffea5d22000 	C:\WINDOWS\System32\gdi32full.dll
0x00007ffea6bb0000 - 0x00007ffea6c4f000 	C:\WINDOWS\System32\msvcp_win.dll
0x00007ffea6a90000 - 0x00007ffea6b8a000 	C:\WINDOWS\System32\ucrtbase.dll
0x00007ffe92c40000 - 0x00007ffe92ea9000 	C:\WINDOWS\WinSxS\amd64_microsoft.windows.common-controls_6595b64144ccf1df_6.0.17134.472_none_fb3f9af53068156d\COMCTL32.dll
0x00007ffea8090000 - 0x00007ffea83b2000 	C:\WINDOWS\System32\combase.dll
0x00007ffea5e30000 - 0x00007ffea5eaa000 	C:\WINDOWS\System32\bcryptPrimitives.dll
0x00007ffea9600000 - 0x00007ffea962d000 	C:\WINDOWS\System32\IMM32.DLL
0x000000006d1c0000 - 0x000000006d292000 	C:\Program Files\Java\jre1.8.0_144\bin\msvcr100.dll
0x000000006d490000 - 0x000000006dd2d000 	C:\Program Files\Java\jre1.8.0_144\bin\server\jvm.dll
0x00007ffea93f0000 - 0x00007ffea93f8000 	C:\WINDOWS\System32\PSAPI.DLL
0x00007ffe93ef0000 - 0x00007ffe93ef9000 	C:\WINDOWS\SYSTEM32\WSOCK32.dll
0x00007ffea9630000 - 0x00007ffea969c000 	C:\WINDOWS\System32\WS2_32.dll
0x00007ffe9f7e0000 - 0x00007ffe9f803000 	C:\WINDOWS\SYSTEM32\WINMM.dll
0x00007ffe97130000 - 0x00007ffe9713a000 	C:\WINDOWS\SYSTEM32\VERSION.dll
0x00007ffe9f790000 - 0x00007ffe9f7ba000 	C:\WINDOWS\SYSTEM32\winmmbase.dll
0x00007ffea5de0000 - 0x00007ffea5e29000 	C:\WINDOWS\System32\cfgmgr32.dll
0x000000006d3a0000 - 0x000000006d3af000 	C:\Program Files\Java\jre1.8.0_144\bin\verify.dll
0x000000006d370000 - 0x000000006d399000 	C:\Program Files\Java\jre1.8.0_144\bin\java.dll
0x000000006d180000 - 0x000000006d1b5000 	C:\Program Files\Java\jre1.8.0_144\bin\jdwp.dll
0x000000006d170000 - 0x000000006d178000 	C:\Program Files\Java\jre1.8.0_144\bin\npt.dll
0x000000006d350000 - 0x000000006d366000 	C:\Program Files\Java\jre1.8.0_144\bin\zip.dll

VM Arguments:
jvm_args: -agentlib:jdwp=transport=dt_socket,suspend=y,address=localhost:53136 -Dfile.encoding=MS949 
java_command: Problem16236
java_class_path (initial): C:\Algo2019\PS\bin
Launcher Type: SUN_STANDARD

Environment Variables:
JAVA_HOME=C:\Program Files\Java\jdk1.8.0_144
PATH=C:/Program Files/Java/jre1.8.0_144/bin/server;C:/Program Files/Java/jre1.8.0_144/bin;C:/Program Files/Java/jre1.8.0_144/lib/amd64;C:\Program Files (x86)\Microsoft SDKs\Azure\CLI2\wbin;C:\Program Files\NVIDIA GPU Computing Toolkit\CUDA\v9.1\bin;C:\Program Files\NVIDIA GPU Computing Toolkit\CUDA\v9.1\libnvvp;C:\oraclexe\app\oracle\product\11.2.0\server\bin;C:\ProgramData\Oracle\Java\javapath;C:\WINDOWS\system32;C:\WINDOWS;C:\WINDOWS\System32\Wbem;C:\WINDOWS\System32\WindowsPowerShell\v1.0\;C:\Program Files\Java\jdk1.8.0_144\bin;C:\Program Files (x86)\NVIDIA Corporation\PhysX\Common;C:\WINDOWS\system32;C:\WINDOWS;C:\WINDOWS\System32\Wbem;C:\WINDOWS\System32\WindowsPowerShell\v1.0\;C:\WINDOWS\System32\OpenSSH\;C:\Program Files\Git\cmd;C:\Program Files (x86)\Microsoft SQL Server\Client SDK\ODBC\130\Tools\Binn\;C:\Program Files (x86)\Microsoft SQL Server\140\Tools\Binn\;C:\Program Files (x86)\Microsoft SQL Server\140\DTS\Binn\;C:\Program Files (x86)\Microsoft SQL Server\140\Tools\Binn\ManagementStudio\;C:\Program Files\dotnet\;C:\Program Files\nodejs\;C:\Program Files (x86)\Yarn\bin\;C:\Users\Daegyeom\AppData\Local\Microsoft\WindowsApps;C:\Users\Daegyeom\AppData\Local\atom\bin;C:\Users\Daegyeom\AppData\Local\Microsoft\WindowsApps;C:\Users\Daegyeom\AppData\Roaming\npm;C:\Users\Daegyeom\AppData\Local\Yarn\bin;C:\Users\Daegyeom\AppData\Local\Programs\Microsoft VS Code\bin;C:\Users\Daegyeom\Downloads\eclipse;
USERNAME=Daegyeom
OS=Windows_NT
PROCESSOR_IDENTIFIER=Intel64 Family 6 Model 142 Stepping 9, GenuineIntel



---------------  S Y S T E M  ---------------

OS: Windows 10.0 , 64 bit Build 17134 (10.0.17134.1)

CPU:total 4 (initial active 4) (2 cores per cpu, 2 threads per core) family 6 model 142 stepping 9, cmov, cx8, fxsr, mmx, sse, sse2, sse3, ssse3, sse4.1, sse4.2, popcnt, avx, avx2, aes, clmul, erms, 3dnowpref, lzcnt, ht, tsc, tscinvbit, bmi1, bmi2, adx

Memory: 4k page, physical 6447640k(1361808k free), swap 6447640k(6020k free)

vm_info: Java HotSpot(TM) 64-Bit Server VM (25.144-b01) for windows-amd64 JRE (1.8.0_144-b01), built on Jul 21 2017 21:57:33 by "java_re" with MS VC++ 10.0 (VS2010)

time: Fri Jan 04 09:40:19 2019
elapsed time: 0 seconds (0d 0h 0m 0s)

