#
# There is insufficient memory for the Java Runtime Environment to continue.
# Native memory allocation (malloc) failed to allocate 2061696 bytes for Chunk::new
# Possible reasons:
#   The system is out of physical RAM or swap space
#   In 32 bit mode, the process size limit was hit
# Possible solutions:
#   Reduce memory load on the system
#   Increase physical memory or swap space
#   Check if swap backing store is full
#   Use 64 bit Java on a 64 bit OS
#   Decrease Java heap size (-Xmx/-Xms)
#   Decrease number of Java threads
#   Decrease Java thread stack sizes (-Xss)
#   Set larger code cache with -XX:ReservedCodeCacheSize=
# This output file may be truncated or incomplete.
#
#  Out of Memory Error (allocation.cpp:390), pid=15028, tid=0x0000000000002cb0
#
# JRE version: Java(TM) SE Runtime Environment (8.0_144-b01) (build 1.8.0_144-b01)
# Java VM: Java HotSpot(TM) 64-Bit Server VM (25.144-b01 mixed mode windows-amd64 compressed oops)
# Failed to write core dump. Minidumps are not enabled by default on client versions of Windows
#

---------------  T H R E A D  ---------------

Current thread (0x0000000018005800):  JavaThread "C2 CompilerThread1" daemon [_thread_in_native, id=11440, stack(0x0000000018400000,0x0000000018500000)]

Stack: [0x0000000018400000,0x0000000018500000]
[error occurred during error reporting (printing stack bounds), id 0xc0000005]

Native frames: (J=compiled Java code, j=interpreted, Vv=VM code, C=native code)


Current CompileTask:
C2:  10061  112       4       baekjun.Problem13460_v2::solve (796 bytes)


---------------  P R O C E S S  ---------------

Java Threads: ( => current thread )
  0x0000000018081000 JavaThread "Service Thread" daemon [_thread_blocked, id=5364, stack(0x0000000018600000,0x0000000018700000)]
  0x0000000018006800 JavaThread "C1 CompilerThread2" daemon [_thread_blocked, id=14564, stack(0x0000000018500000,0x0000000018600000)]
=>0x0000000018005800 JavaThread "C2 CompilerThread1" daemon [_thread_in_native, id=11440, stack(0x0000000018400000,0x0000000018500000)]
  0x000000001694b000 JavaThread "C2 CompilerThread0" daemon [_thread_blocked, id=14512, stack(0x0000000017f00000,0x0000000018000000)]
  0x00000000168fc000 JavaThread "Attach Listener" daemon [_thread_blocked, id=9796, stack(0x0000000017e00000,0x0000000017f00000)]
  0x0000000016949800 JavaThread "Signal Dispatcher" daemon [_thread_blocked, id=5892, stack(0x0000000017d00000,0x0000000017e00000)]
  0x0000000002dfa800 JavaThread "Finalizer" daemon [_thread_blocked, id=12304, stack(0x0000000017b70000,0x0000000017c70000)]
  0x0000000002df0000 JavaThread "Reference Handler" daemon [_thread_blocked, id=13188, stack(0x0000000017a70000,0x0000000017b70000)]
  0x0000000002cfd800 JavaThread "main" [_thread_in_Java, id=4800, stack(0x0000000002bd0000,0x0000000002cd0000)]

Other Threads:
  0x00000000168b7000 VMThread [stack: 0x0000000017970000,0x0000000017a70000] [id=12256]
  0x00000000180b5800 WatcherThread [stack: 0x0000000018700000,0x0000000018800000] [id=11124]

VM state:not at safepoint (normal execution)

VM Mutex/Monitor currently owned by a thread: None

Heap:
 PSYoungGen      total 328704K, used 85032K [0x00000000df300000, 0x00000000ff580000, 0x0000000100000000)
  eden space 327168K, 25% used [0x00000000df300000,0x00000000e460a328,0x00000000f3280000)
  from space 1536K, 0% used [0x00000000f3280000,0x00000000f3280000,0x00000000f3400000)
  to   space 1536K, 0% used [0x00000000ff400000,0x00000000ff400000,0x00000000ff580000)
 ParOldGen       total 68608K, used 781K [0x000000009d800000, 0x00000000a1b00000, 0x00000000df300000)
  object space 68608K, 1% used [0x000000009d800000,0x000000009d8c3670,0x00000000a1b00000)
 Metaspace       used 3621K, capacity 4614K, committed 4864K, reserved 1056768K
  class space    used 419K, capacity 430K, committed 512K, reserved 1048576K

Card table byte_map: [0x00000000121c0000,0x00000000124e0000] byte_map_base: 0x0000000011cd4000

Marking Bits: (ParMarkBitMap*) 0x000000005e1cd850
 Begin Bits: [0x0000000012af0000, 0x0000000014390000)
 End Bits:   [0x0000000014390000, 0x0000000015c30000)

Polling page: 0x0000000000b00000

CodeCache: size=245760Kb used=1334Kb max_used=1346Kb free=244425Kb
 bounds [0x0000000002e00000, 0x0000000003070000, 0x0000000011e00000]
 total_blobs=365 nmethods=116 adapters=162
 compilation: enabled

Compilation events (10 events):
Event: 9.207 Thread 0x000000001694b000  113       4       java.util.ArrayList::get (11 bytes)
Event: 9.208 Thread 0x000000001694b000 nmethod 113 0x0000000002f3dbd0 code [0x0000000002f3dd00, 0x0000000002f3ddb8]
Event: 9.212 Thread 0x0000000018006800  114 %     3       baekjun.Problem13460_v2::main @ 222 (328 bytes)
Event: 9.215 Thread 0x0000000018006800 nmethod 114% 0x0000000002f40b90 code [0x0000000002f41080, 0x0000000002f43d78]
Event: 9.215 Thread 0x0000000018006800  115 %     3       baekjun.Problem13460_v2::main @ 232 (328 bytes)
Event: 9.217 Thread 0x0000000018006800 nmethod 115% 0x0000000002f45f90 code [0x0000000002f46480, 0x0000000002f491b8]
Event: 9.218 Thread 0x0000000018006800  116       3       baekjun.Problem13460_v2::main (328 bytes)
Event: 9.221 Thread 0x0000000018006800 nmethod 116 0x0000000002f4b3d0 code [0x0000000002f4b8c0, 0x0000000002f4e498]
Event: 9.222 Thread 0x000000001694b000  117 %     4       baekjun.Problem13460_v2::main @ 232 (328 bytes)
Event: 9.228 Thread 0x000000001694b000 nmethod 117% 0x0000000002f3eb50 code [0x0000000002f3ecc0, 0x0000000002f3f1c8]

GC Heap History (10 events):
Event: 9.409 GC heap before
{Heap before GC invocations=7 (full 0):
 PSYoungGen      total 103424K, used 103225K [0x00000000df300000, 0x00000000e5900000, 0x0000000100000000)
  eden space 102400K, 100% used [0x00000000df300000,0x00000000e5700000,0x00000000e5700000)
  from space 1024K, 80% used [0x00000000e5800000,0x00000000e58ce620,0x00000000e5900000)
  to   space 1024K, 0% used [0x00000000e5700000,0x00000000e5700000,0x00000000e5800000)
 ParOldGen       total 68608K, used 16K [0x000000009d800000, 0x00000000a1b00000, 0x00000000df300000)
  object space 68608K, 0% used [0x000000009d800000,0x000000009d804000,0x00000000a1b00000)
 Metaspace       used 3621K, capacity 4614K, committed 4864K, reserved 1056768K
  class space    used 419K, capacity 430K, committed 512K, reserved 1048576K
Event: 9.410 GC heap after
Heap after GC invocations=7 (full 0):
 PSYoungGen      total 103424K, used 32K [0x00000000df300000, 0x00000000ebd00000, 0x0000000100000000)
  eden space 102400K, 0% used [0x00000000df300000,0x00000000df300000,0x00000000e5700000)
  from space 1024K, 3% used [0x00000000e5700000,0x00000000e5708000,0x00000000e5800000)
  to   space 1024K, 0% used [0x00000000ebc00000,0x00000000ebc00000,0x00000000ebd00000)
 ParOldGen       total 68608K, used 781K [0x000000009d800000, 0x00000000a1b00000, 0x00000000df300000)
  object space 68608K, 1% used [0x000000009d800000,0x000000009d8c3670,0x00000000a1b00000)
 Metaspace       used 3621K, capacity 4614K, committed 4864K, reserved 1056768K
  class space    used 419K, capacity 430K, committed 512K, reserved 1048576K
}
Event: 9.462 GC heap before
{Heap before GC invocations=8 (full 0):
 PSYoungGen      total 103424K, used 102432K [0x00000000df300000, 0x00000000ebd00000, 0x0000000100000000)
  eden space 102400K, 100% used [0x00000000df300000,0x00000000e5700000,0x00000000e5700000)
  from space 1024K, 3% used [0x00000000e5700000,0x00000000e5708000,0x00000000e5800000)
  to   space 1024K, 0% used [0x00000000ebc00000,0x00000000ebc00000,0x00000000ebd00000)
 ParOldGen       total 68608K, used 781K [0x000000009d800000, 0x00000000a1b00000, 0x00000000df300000)
  object space 68608K, 1% used [0x000000009d800000,0x000000009d8c3670,0x00000000a1b00000)
 Metaspace       used 3621K, capacity 4614K, committed 4864K, reserved 1056768K
  class space    used 419K, capacity 430K, committed 512K, reserved 1048576K
Event: 9.463 GC heap after
Heap after GC invocations=8 (full 0):
 PSYoungGen      total 205312K, used 32K [0x00000000df300000, 0x00000000ebe00000, 0x0000000100000000)
  eden space 204288K, 0% used [0x00000000df300000,0x00000000df300000,0x00000000eba80000)
  from space 1024K, 3% used [0x00000000ebc00000,0x00000000ebc08000,0x00000000ebd00000)
  to   space 1536K, 0% used [0x00000000eba80000,0x00000000eba80000,0x00000000ebc00000)
 ParOldGen       total 68608K, used 781K [0x000000009d800000, 0x00000000a1b00000, 0x00000000df300000)
  object space 68608K, 1% used [0x000000009d800000,0x000000009d8c3670,0x00000000a1b00000)
 Metaspace       used 3621K, capacity 4614K, committed 4864K, reserved 1056768K
  class space    used 419K, capacity 430K, committed 512K, reserved 1048576K
}
Event: 9.620 GC heap before
{Heap before GC invocations=9 (full 0):
 PSYoungGen      total 205312K, used 204320K [0x00000000df300000, 0x00000000ebe00000, 0x0000000100000000)
  eden space 204288K, 100% used [0x00000000df300000,0x00000000eba80000,0x00000000eba80000)
  from space 1024K, 3% used [0x00000000ebc00000,0x00000000ebc08000,0x00000000ebd00000)
  to   space 1536K, 0% used [0x00000000eba80000,0x00000000eba80000,0x00000000ebc00000)
 ParOldGen       total 68608K, used 781K [0x000000009d800000, 0x00000000a1b00000, 0x00000000df300000)
  object space 68608K, 1% used [0x000000009d800000,0x000000009d8c3670,0x00000000a1b00000)
 Metaspace       used 3621K, capacity 4614K, committed 4864K, reserved 1056768K
  class space    used 419K, capacity 430K, committed 512K, reserved 1048576K
Event: 9.620 GC heap after
Heap after GC invocations=9 (full 0):
 PSYoungGen      total 205824K, used 32K [0x00000000df300000, 0x00000000f3580000, 0x0000000100000000)
  eden space 204288K, 0% used [0x00000000df300000,0x00000000df300000,0x00000000eba80000)
  from space 1536K, 2% used [0x00000000eba80000,0x00000000eba88000,0x00000000ebc00000)
  to   space 1536K, 0% used [0x00000000f3400000,0x00000000f3400000,0x00000000f3580000)
 ParOldGen       total 68608K, used 781K [0x000000009d800000, 0x00000000a1b00000, 0x00000000df300000)
  object space 68608K, 1% used [0x000000009d800000,0x000000009d8c3670,0x00000000a1b00000)
 Metaspace       used 3621K, capacity 4614K, committed 4864K, reserved 1056768K
  class space    used 419K, capacity 430K, committed 512K, reserved 1048576K
}
Event: 9.760 GC heap before
{Heap before GC invocations=10 (full 0):
 PSYoungGen      total 205824K, used 204320K [0x00000000df300000, 0x00000000f3580000, 0x0000000100000000)
  eden space 204288K, 100% used [0x00000000df300000,0x00000000eba80000,0x00000000eba80000)
  from space 1536K, 2% used [0x00000000eba80000,0x00000000eba88000,0x00000000ebc00000)
  to   space 1536K, 0% used [0x00000000f3400000,0x00000000f3400000,0x00000000f3580000)
 ParOldGen       total 68608K, used 781K [0x000000009d800000, 0x00000000a1b00000, 0x00000000df300000)
  object space 68608K, 1% used [0x000000009d800000,0x000000009d8c3670,0x00000000a1b00000)
 Metaspace       used 3621K, capacity 4614K, committed 4864K, reserved 1056768K
  class space    used 419K, capacity 430K, committed 512K, reserved 1048576K
Event: 9.760 GC heap after
Heap after GC invocations=10 (full 0):
 PSYoungGen      total 328704K, used 64K [0x00000000df300000, 0x00000000f3580000, 0x0000000100000000)
  eden space 327168K, 0% used [0x00000000df300000,0x00000000df300000,0x00000000f3280000)
  from space 1536K, 4% used [0x00000000f3400000,0x00000000f3410000,0x00000000f3580000)
  to   space 1536K, 0% used [0x00000000f3280000,0x00000000f3280000,0x00000000f3400000)
 ParOldGen       total 68608K, used 781K [0x000000009d800000, 0x00000000a1b00000, 0x00000000df300000)
  object space 68608K, 1% used [0x000000009d800000,0x000000009d8c3670,0x00000000a1b00000)
 Metaspace       used 3621K, capacity 4614K, committed 4864K, reserved 1056768K
  class space    used 419K, capacity 430K, committed 512K, reserved 1048576K
}
Event: 10.018 GC heap before
{Heap before GC invocations=11 (full 0):
 PSYoungGen      total 328704K, used 327232K [0x00000000df300000, 0x00000000f3580000, 0x0000000100000000)
  eden space 327168K, 100% used [0x00000000df300000,0x00000000f3280000,0x00000000f3280000)
  from space 1536K, 4% used [0x00000000f3400000,0x00000000f3410000,0x00000000f3580000)
  to   space 1536K, 0% used [0x00000000f3280000,0x00000000f3280000,0x00000000f3400000)
 ParOldGen       total 68608K, used 781K [0x000000009d800000, 0x00000000a1b00000, 0x00000000df300000)
  object space 68608K, 1% used [0x000000009d800000,0x000000009d8c3670,0x00000000a1b00000)
 Metaspace       used 3621K, capacity 4614K, committed 4864K, reserved 1056768K
  class space    used 419K, capacity 430K, committed 512K, reserved 1048576K
Event: 10.019 GC heap after
Heap after GC invocations=11 (full 0):
 PSYoungGen      total 328704K, used 0K [0x00000000df300000, 0x00000000ff580000, 0x0000000100000000)
  eden space 327168K, 0% used [0x00000000df300000,0x00000000df300000,0x00000000f3280000)
  from space 1536K, 0% used [0x00000000f3280000,0x00000000f3280000,0x00000000f3400000)
  to   space 1536K, 0% used [0x00000000ff400000,0x00000000ff400000,0x00000000ff580000)
 ParOldGen       total 68608K, used 781K [0x000000009d800000, 0x00000000a1b00000, 0x00000000df300000)
  object space 68608K, 1% used [0x000000009d800000,0x000000009d8c3670,0x00000000a1b00000)
 Metaspace       used 3621K, capacity 4614K, committed 4864K, reserved 1056768K
  class space    used 419K, capacity 430K, committed 512K, reserved 1048576K
}

Deoptimization events (0 events):
No events

Internal exceptions (6 events):
Event: 0.039 Thread 0x0000000002cfd800 Exception <a 'java/lang/NoSuchMethodError': Method sun.misc.Unsafe.defineClass(Ljava/lang/String;[BII)Ljava/lang/Class; name or signature does not match> (0x00000000df307ca8) thrown at [C:\re\workspace\8-2-build-windows-amd64-cygwin\jdk8u144\9417\hotspot\
Event: 0.039 Thread 0x0000000002cfd800 Exception <a 'java/lang/NoSuchMethodError': Method sun.misc.Unsafe.prefetchRead(Ljava/lang/Object;J)V name or signature does not match> (0x00000000df307f90) thrown at [C:\re\workspace\8-2-build-windows-amd64-cygwin\jdk8u144\9417\hotspot\src\share\vm\prims
Event: 0.143 Thread 0x0000000002cfd800 Exception <a 'java/security/PrivilegedActionException'> (0x00000000df3fd1c0) thrown at [C:\re\workspace\8-2-build-windows-amd64-cygwin\jdk8u144\9417\hotspot\src\share\vm\prims\jvm.cpp, line 1390]
Event: 0.143 Thread 0x0000000002cfd800 Exception <a 'java/security/PrivilegedActionException'> (0x00000000df3fd5b8) thrown at [C:\re\workspace\8-2-build-windows-amd64-cygwin\jdk8u144\9417\hotspot\src\share\vm\prims\jvm.cpp, line 1390]
Event: 0.143 Thread 0x0000000002cfd800 Exception <a 'java/security/PrivilegedActionException'> (0x00000000df4814a0) thrown at [C:\re\workspace\8-2-build-windows-amd64-cygwin\jdk8u144\9417\hotspot\src\share\vm\prims\jvm.cpp, line 1390]
Event: 0.143 Thread 0x0000000002cfd800 Exception <a 'java/security/PrivilegedActionException'> (0x00000000df481898) thrown at [C:\re\workspace\8-2-build-windows-amd64-cygwin\jdk8u144\9417\hotspot\src\share\vm\prims\jvm.cpp, line 1390]

Events (10 events):
Event: 9.409 Executing VM operation: ParallelGCFailedAllocation
Event: 9.410 Executing VM operation: ParallelGCFailedAllocation done
Event: 9.462 Executing VM operation: ParallelGCFailedAllocation
Event: 9.463 Executing VM operation: ParallelGCFailedAllocation done
Event: 9.620 Executing VM operation: ParallelGCFailedAllocation
Event: 9.620 Executing VM operation: ParallelGCFailedAllocation done
Event: 9.760 Executing VM operation: ParallelGCFailedAllocation
Event: 9.760 Executing VM operation: ParallelGCFailedAllocation done
Event: 10.018 Executing VM operation: ParallelGCFailedAllocation
Event: 10.019 Executing VM operation: ParallelGCFailedAllocation done


Dynamic libraries:
0x00007ff70ffb0000 - 0x00007ff70ffe7000 	C:\Program Files\Java\jre1.8.0_144\bin\javaw.exe
0x00007fff9a240000 - 0x00007fff9a421000 	C:\WINDOWS\SYSTEM32\ntdll.dll
0x00007fff99dc0000 - 0x00007fff99e72000 	C:\WINDOWS\System32\KERNEL32.DLL
0x00007fff96c60000 - 0x00007fff96ed3000 	C:\WINDOWS\System32\KERNELBASE.dll
0x00007fff993f0000 - 0x00007fff99491000 	C:\WINDOWS\System32\ADVAPI32.dll
0x00007fff99e80000 - 0x00007fff99f1e000 	C:\WINDOWS\System32\msvcrt.dll
0x00007fff97730000 - 0x00007fff9778b000 	C:\WINDOWS\System32\sechost.dll
0x00007fff9a0e0000 - 0x00007fff9a204000 	C:\WINDOWS\System32\RPCRT4.dll
0x00007fff97980000 - 0x00007fff97b10000 	C:\WINDOWS\System32\USER32.dll
0x00007fff96a00000 - 0x00007fff96a20000 	C:\WINDOWS\System32\win32u.dll
0x00007fff99520000 - 0x00007fff99548000 	C:\WINDOWS\System32\GDI32.dll
0x00007fff96a20000 - 0x00007fff96bb2000 	C:\WINDOWS\System32\gdi32full.dll
0x00007fff96bc0000 - 0x00007fff96c5f000 	C:\WINDOWS\System32\msvcp_win.dll
0x00007fff96710000 - 0x00007fff9680a000 	C:\WINDOWS\System32\ucrtbase.dll
0x00007fff85930000 - 0x00007fff85b99000 	C:\WINDOWS\WinSxS\amd64_microsoft.windows.common-controls_6595b64144ccf1df_6.0.17134.590_none_fb3d9bff3069e088\COMCTL32.dll
0x00007fff98f50000 - 0x00007fff99272000 	C:\WINDOWS\System32\combase.dll
0x00007fff96ee0000 - 0x00007fff96f5a000 	C:\WINDOWS\System32\bcryptPrimitives.dll
0x00007fff97810000 - 0x00007fff9783d000 	C:\WINDOWS\System32\IMM32.DLL
0x000000005d6e0000 - 0x000000005d7b2000 	C:\Program Files\Java\jre1.8.0_144\bin\msvcr100.dll
0x000000005d9b0000 - 0x000000005e24d000 	C:\Program Files\Java\jre1.8.0_144\bin\server\jvm.dll
0x00007fff99f80000 - 0x00007fff99f88000 	C:\WINDOWS\System32\PSAPI.DLL
0x00007fff8b6c0000 - 0x00007fff8b6ca000 	C:\WINDOWS\SYSTEM32\VERSION.dll
0x00007fff8bb00000 - 0x00007fff8bb23000 	C:\WINDOWS\SYSTEM32\WINMM.dll
0x00007fff894c0000 - 0x00007fff894c9000 	C:\WINDOWS\SYSTEM32\WSOCK32.dll
0x00007fff97840000 - 0x00007fff978ac000 	C:\WINDOWS\System32\WS2_32.dll
0x00007fff8b8f0000 - 0x00007fff8b91a000 	C:\WINDOWS\SYSTEM32\winmmbase.dll
0x00007fff96610000 - 0x00007fff96659000 	C:\WINDOWS\System32\cfgmgr32.dll
0x000000005d8c0000 - 0x000000005d8cf000 	C:\Program Files\Java\jre1.8.0_144\bin\verify.dll
0x000000005d890000 - 0x000000005d8b9000 	C:\Program Files\Java\jre1.8.0_144\bin\java.dll
0x000000005d870000 - 0x000000005d886000 	C:\Program Files\Java\jre1.8.0_144\bin\zip.dll
0x00007fff97b10000 - 0x00007fff98f50000 	C:\WINDOWS\System32\SHELL32.dll
0x00007fff9a030000 - 0x00007fff9a0d9000 	C:\WINDOWS\System32\shcore.dll
0x00007fff96f60000 - 0x00007fff9766d000 	C:\WINDOWS\System32\windows.storage.dll
0x00007fff99f20000 - 0x00007fff99f71000 	C:\WINDOWS\System32\shlwapi.dll
0x00007fff965f0000 - 0x00007fff96601000 	C:\WINDOWS\System32\kernel.appcore.dll
0x00007fff965b0000 - 0x00007fff965cf000 	C:\WINDOWS\System32\profapi.dll
0x00007fff96560000 - 0x00007fff965ac000 	C:\WINDOWS\System32\powrprof.dll
0x00007fff96550000 - 0x00007fff9655a000 	C:\WINDOWS\System32\FLTLIB.DLL

VM Arguments:
jvm_args: -Dfile.encoding=MS949 
java_command: baekjun.Problem13460_v2
java_class_path (initial): C:\Algo2019\PS\bin;C:\Users\Daegyeom\Downloads\rxtx-2.2pre2-bins\rxtx-2.2pre2-bins\RXTXcomm.jar
Launcher Type: SUN_STANDARD

Environment Variables:
JAVA_HOME=C:\Program Files\Java\jdk1.8.0_144
PATH=C:/Program Files/Java/jre1.8.0_144/bin/server;C:/Program Files/Java/jre1.8.0_144/bin;C:/Program Files/Java/jre1.8.0_144/lib/amd64;C:\Program Files (x86)\Microsoft SDKs\Azure\CLI2\wbin;C:\Program Files\NVIDIA GPU Computing Toolkit\CUDA\v9.1\bin;C:\Program Files\NVIDIA GPU Computing Toolkit\CUDA\v9.1\libnvvp;C:\oraclexe\app\oracle\product\11.2.0\server\bin;C:\ProgramData\Oracle\Java\javapath;C:\WINDOWS\system32;C:\WINDOWS;C:\WINDOWS\System32\Wbem;C:\WINDOWS\System32\WindowsPowerShell\v1.0\;C:\Program Files\Java\jdk1.8.0_144\bin;C:\Program Files (x86)\NVIDIA Corporation\PhysX\Common;C:\WINDOWS\system32;C:\WINDOWS;C:\WINDOWS\System32\Wbem;C:\WINDOWS\System32\WindowsPowerShell\v1.0\;C:\WINDOWS\System32\OpenSSH\;C:\Program Files\Git\cmd;C:\Program Files (x86)\Microsoft SQL Server\Client SDK\ODBC\130\Tools\Binn\;C:\Program Files (x86)\Microsoft SQL Server\140\Tools\Binn\;C:\Program Files (x86)\Microsoft SQL Server\140\DTS\Binn\;C:\Program Files (x86)\Microsoft SQL Server\140\Tools\Binn\ManagementStudio\;C:\Program Files\dotnet\;C:\Program Files\nodejs\;C:\Program Files (x86)\Yarn\bin\;C:\Program Files\NVIDIA Corporation\NVIDIA NvDLISR;C:\Users\Daegyeom\AppData\Local\Microsoft\WindowsApps;C:\Users\Daegyeom\AppData\Local\atom\bin;C:\Users\Daegyeom\AppData\Local\Microsoft\WindowsApps;C:\Users\Daegyeom\AppData\Roaming\npm;C:\Users\Daegyeom\AppData\Local\Yarn\bin;C:\Users\Daegyeom\AppData\Local\Programs\Microsoft VS Code\bin;C:\Program Files (x86)\ESTsoft\ALSee\x64;C:\Users\Daegyeom\Downloads\eclipse;
USERNAME=Daegyeom
OS=Windows_NT
PROCESSOR_IDENTIFIER=Intel64 Family 6 Model 142 Stepping 9, GenuineIntel



---------------  S Y S T E M  ---------------

OS: Windows 10.0 , 64 bit Build 17134 (10.0.17134.556)

CPU:total 4 (initial active 4) (2 cores per cpu, 2 threads per core) family 6 model 142 stepping 9, cmov, cx8, fxsr, mmx, sse, sse2, sse3, ssse3, sse4.1, sse4.2, popcnt, avx, avx2, aes, clmul, erms, 3dnowpref, lzcnt, ht, tsc, tscinvbit, bmi1, bmi2, adx

Memory: 4k page, physical 6447640k(778436k free), swap 6447640k(6684k free)

vm_info: Java HotSpot(TM) 64-Bit Server VM (25.144-b01) for windows-amd64 JRE (1.8.0_144-b01), built on Jul 21 2017 21:57:33 by "java_re" with MS VC++ 10.0 (VS2010)

time: Fri Feb 15 06:18:49 2019
elapsed time: 10 seconds (0d 0h 0m 10s)

