#
# There is insufficient memory for the Java Runtime Environment to continue.
# Native memory allocation (malloc) failed to allocate 1048576 bytes for AllocateHeap
# Possible reasons:
#   The system is out of physical RAM or swap space
#   In 32 bit mode, the process size limit was hit
# Possible solutions:
#   Reduce memory load on the system
#   Increase physical memory or swap space
#   Check if swap backing store is full
#   Use 64 bit Java on a 64 bit OS
#   Decrease Java heap size (-Xmx/-Xms)
#   Decrease number of Java threads
#   Decrease Java thread stack sizes (-Xss)
#   Set larger code cache with -XX:ReservedCodeCacheSize=
# This output file may be truncated or incomplete.
#
#  Out of Memory Error (memory/allocation.inline.hpp:61), pid=4064, tid=0x000000000000287c
#
# JRE version:  (8.0_144-b01) (build )
# Java VM: Java HotSpot(TM) 64-Bit Server VM (25.144-b01 mixed mode windows-amd64 compressed oops)
# Failed to write core dump. Minidumps are not enabled by default on client versions of Windows
#

---------------  T H R E A D  ---------------

Current thread (0x000000000051d800):  JavaThread "Unknown thread" [_thread_in_vm, id=10364, stack(0x0000000002240000,0x0000000002340000)]

Stack: [0x0000000002240000,0x0000000002340000]
[error occurred during error reporting (printing stack bounds), id 0xc0000005]

Native frames: (J=compiled Java code, j=interpreted, Vv=VM code, C=native code)


---------------  P R O C E S S  ---------------

Java Threads: ( => current thread )

Other Threads:

=>0x000000000051d800 (exited) JavaThread "Unknown thread" [_thread_in_vm, id=10364, stack(0x0000000002240000,0x0000000002340000)]

VM state:not at safepoint (normal execution)

VM Mutex/Monitor currently owned by a thread: None

Heap:
 PSYoungGen      total 29696K, used 512K [0x00000000df300000, 0x00000000e1400000, 0x0000000100000000)
  eden space 25600K, 2% used [0x00000000df300000,0x00000000df380010,0x00000000e0c00000)
  from space 4096K, 0% used [0x00000000e1000000,0x00000000e1000000,0x00000000e1400000)
  to   space 4096K, 0% used [0x00000000e0c00000,0x00000000e0c00000,0x00000000e1000000)
 ParOldGen       total 68608K, used 0K [0x000000009d800000, 0x00000000a1b00000, 0x00000000df300000)
  object space 68608K, 0% used [0x000000009d800000,0x000000009d800000,0x00000000a1b00000)
 Metaspace       used 746K, capacity 4480K, committed 4480K, reserved 1056768K
  class space    used 75K, capacity 384K, committed 384K, reserved 1048576K

Card table byte_map: [0x0000000011be0000,0x0000000011f00000] byte_map_base: 0x00000000116f4000

Marking Bits: (ParMarkBitMap*) 0x000000007621d850
 Begin Bits: [0x0000000012510000, 0x0000000013db0000)
 End Bits:   [0x0000000013db0000, 0x0000000015650000)

Polling page: 0x0000000000500000

CodeCache: size=245760Kb used=328Kb max_used=328Kb free=245431Kb
 bounds [0x0000000002820000, 0x0000000002a90000, 0x0000000011820000]
 total_blobs=58 nmethods=0 adapters=38
 compilation: enabled

Compilation events (0 events):
No events

GC Heap History (0 events):
No events

Deoptimization events (0 events):
No events

Internal exceptions (0 events):
No events

Events (10 events):
Event: 0.027 loading class java/lang/Short
Event: 0.027 loading class java/lang/Short done
Event: 0.027 loading class java/lang/Integer
Event: 0.027 loading class java/lang/Integer done
Event: 0.027 loading class java/lang/Long
Event: 0.027 loading class java/lang/Long done
Event: 0.028 loading class java/lang/NullPointerException
Event: 0.028 loading class java/lang/NullPointerException done
Event: 0.028 loading class java/lang/ArithmeticException
Event: 0.028 loading class java/lang/ArithmeticException done


Dynamic libraries:
0x00007ff63d3e0000 - 0x00007ff63d417000 	C:\Program Files\Java\jre1.8.0_144\bin\javaw.exe
0x00007ffdce320000 - 0x00007ffdce501000 	C:\WINDOWS\SYSTEM32\ntdll.dll
0x00007ffdcd360000 - 0x00007ffdcd412000 	C:\WINDOWS\System32\KERNEL32.DLL
0x00007ffdcb530000 - 0x00007ffdcb7a3000 	C:\WINDOWS\System32\KERNELBASE.dll
0x00007ffdcbe70000 - 0x00007ffdcbf11000 	C:\WINDOWS\System32\ADVAPI32.dll
0x00007ffdcd7e0000 - 0x00007ffdcd87e000 	C:\WINDOWS\System32\msvcrt.dll
0x00007ffdce250000 - 0x00007ffdce2ab000 	C:\WINDOWS\System32\sechost.dll
0x00007ffdcb930000 - 0x00007ffdcba54000 	C:\WINDOWS\System32\RPCRT4.dll
0x00007ffdcd4a0000 - 0x00007ffdcd630000 	C:\WINDOWS\System32\USER32.dll
0x00007ffdca6f0000 - 0x00007ffdca710000 	C:\WINDOWS\System32\win32u.dll
0x00007ffdcda10000 - 0x00007ffdcda38000 	C:\WINDOWS\System32\GDI32.dll
0x00007ffdca860000 - 0x00007ffdca9f2000 	C:\WINDOWS\System32\gdi32full.dll
0x00007ffdca710000 - 0x00007ffdca7af000 	C:\WINDOWS\System32\msvcp_win.dll
0x00007ffdcaab0000 - 0x00007ffdcabaa000 	C:\WINDOWS\System32\ucrtbase.dll
0x00007ffdbcd90000 - 0x00007ffdbcff9000 	C:\WINDOWS\WinSxS\amd64_microsoft.windows.common-controls_6595b64144ccf1df_6.0.17134.523_none_fb409dd930672a56\COMCTL32.dll
0x00007ffdcbb40000 - 0x00007ffdcbe62000 	C:\WINDOWS\System32\combase.dll
0x00007ffdcabb0000 - 0x00007ffdcac2a000 	C:\WINDOWS\System32\bcryptPrimitives.dll
0x00007ffdce2c0000 - 0x00007ffdce2ed000 	C:\WINDOWS\System32\IMM32.DLL
0x0000000075820000 - 0x00000000758f2000 	C:\Program Files\Java\jre1.8.0_144\bin\msvcr100.dll
0x0000000075a00000 - 0x000000007629d000 	C:\Program Files\Java\jre1.8.0_144\bin\server\jvm.dll
0x00007ffdcd880000 - 0x00007ffdcd888000 	C:\WINDOWS\System32\PSAPI.DLL
0x00007ffdc4c90000 - 0x00007ffdc4cb3000 	C:\WINDOWS\SYSTEM32\WINMM.dll
0x00007ffdb7480000 - 0x00007ffdb7489000 	C:\WINDOWS\SYSTEM32\WSOCK32.dll
0x00007ffdc0750000 - 0x00007ffdc075a000 	C:\WINDOWS\SYSTEM32\VERSION.dll
0x00007ffdce1e0000 - 0x00007ffdce24c000 	C:\WINDOWS\System32\WS2_32.dll
0x00007ffdc4c60000 - 0x00007ffdc4c8a000 	C:\WINDOWS\SYSTEM32\winmmbase.dll
0x00007ffdcaa00000 - 0x00007ffdcaa49000 	C:\WINDOWS\System32\cfgmgr32.dll
0x0000000050060000 - 0x000000005006f000 	C:\Program Files\Java\jre1.8.0_144\bin\verify.dll
0x0000000050030000 - 0x0000000050059000 	C:\Program Files\Java\jre1.8.0_144\bin\java.dll
0x0000000050010000 - 0x0000000050026000 	C:\Program Files\Java\jre1.8.0_144\bin\zip.dll

VM Arguments:
jvm_args: -Dfile.encoding=MS949 
java_command: baekjun.Problem16194
java_class_path (initial): C:\Algo2019\PS\bin;C:\Users\Daegyeom\Downloads\rxtx-2.2pre2-bins\rxtx-2.2pre2-bins\RXTXcomm.jar
Launcher Type: SUN_STANDARD

Environment Variables:
JAVA_HOME=C:\Program Files\Java\jdk1.8.0_144
PATH=C:/Program Files/Java/jre1.8.0_144/bin/server;C:/Program Files/Java/jre1.8.0_144/bin;C:/Program Files/Java/jre1.8.0_144/lib/amd64;C:\Program Files (x86)\Microsoft SDKs\Azure\CLI2\wbin;C:\Program Files\NVIDIA GPU Computing Toolkit\CUDA\v9.1\bin;C:\Program Files\NVIDIA GPU Computing Toolkit\CUDA\v9.1\libnvvp;C:\oraclexe\app\oracle\product\11.2.0\server\bin;C:\ProgramData\Oracle\Java\javapath;C:\WINDOWS\system32;C:\WINDOWS;C:\WINDOWS\System32\Wbem;C:\WINDOWS\System32\WindowsPowerShell\v1.0\;C:\Program Files\Java\jdk1.8.0_144\bin;C:\Program Files (x86)\NVIDIA Corporation\PhysX\Common;C:\WINDOWS\system32;C:\WINDOWS;C:\WINDOWS\System32\Wbem;C:\WINDOWS\System32\WindowsPowerShell\v1.0\;C:\WINDOWS\System32\OpenSSH\;C:\Program Files\Git\cmd;C:\Program Files (x86)\Microsoft SQL Server\Client SDK\ODBC\130\Tools\Binn\;C:\Program Files (x86)\Microsoft SQL Server\140\Tools\Binn\;C:\Program Files (x86)\Microsoft SQL Server\140\DTS\Binn\;C:\Program Files (x86)\Microsoft SQL Server\140\Tools\Binn\ManagementStudio\;C:\Program Files\dotnet\;C:\Program Files\nodejs\;C:\Program Files (x86)\Yarn\bin\;C:\Users\Daegyeom\AppData\Local\Microsoft\WindowsApps;C:\Users\Daegyeom\AppData\Local\atom\bin;C:\Users\Daegyeom\AppData\Local\Microsoft\WindowsApps;C:\Users\Daegyeom\AppData\Roaming\npm;C:\Users\Daegyeom\AppData\Local\Yarn\bin;C:\Users\Daegyeom\AppData\Local\Programs\Microsoft VS Code\bin;C:\Users\Daegyeom\Downloads\eclipse;
USERNAME=Daegyeom
OS=Windows_NT
PROCESSOR_IDENTIFIER=Intel64 Family 6 Model 142 Stepping 9, GenuineIntel



---------------  S Y S T E M  ---------------

OS: Windows 10.0 , 64 bit Build 17134 (10.0.17134.1)

CPU:total 4 (initial active 4) (2 cores per cpu, 2 threads per core) family 6 model 142 stepping 9, cmov, cx8, fxsr, mmx, sse, sse2, sse3, ssse3, sse4.1, sse4.2, popcnt, avx, avx2, aes, clmul, erms, 3dnowpref, lzcnt, ht, tsc, tscinvbit, bmi1, bmi2, adx

Memory: 4k page, physical 6447640k(1469884k free), swap 6447640k(5324k free)

vm_info: Java HotSpot(TM) 64-Bit Server VM (25.144-b01) for windows-amd64 JRE (1.8.0_144-b01), built on Jul 21 2017 21:57:33 by "java_re" with MS VC++ 10.0 (VS2010)

time: Thu Jan 17 23:49:21 2019
elapsed time: 0 seconds (0d 0h 0m 0s)

