#
# There is insufficient memory for the Java Runtime Environment to continue.
# Native memory allocation (malloc) failed to allocate 1048576 bytes for AllocateHeap
# Possible reasons:
#   The system is out of physical RAM or swap space
#   In 32 bit mode, the process size limit was hit
# Possible solutions:
#   Reduce memory load on the system
#   Increase physical memory or swap space
#   Check if swap backing store is full
#   Use 64 bit Java on a 64 bit OS
#   Decrease Java heap size (-Xmx/-Xms)
#   Decrease number of Java threads
#   Decrease Java thread stack sizes (-Xss)
#   Set larger code cache with -XX:ReservedCodeCacheSize=
# This output file may be truncated or incomplete.
#
#  Out of Memory Error (memory/allocation.inline.hpp:61), pid=13716, tid=0x0000000000001640
#
# JRE version:  (8.0_144-b01) (build )
# Java VM: Java HotSpot(TM) 64-Bit Server VM (25.144-b01 mixed mode windows-amd64 compressed oops)
# Failed to write core dump. Minidumps are not enabled by default on client versions of Windows
#

---------------  T H R E A D  ---------------

Current thread (0x00000000023dd800):  JavaThread "Unknown thread" [_thread_in_vm, id=5696, stack(0x0000000002760000,0x0000000002860000)]

Stack: [0x0000000002760000,0x0000000002860000]
[error occurred during error reporting (printing stack bounds), id 0xc0000005]

Native frames: (J=compiled Java code, j=interpreted, Vv=VM code, C=native code)


---------------  P R O C E S S  ---------------

Java Threads: ( => current thread )

Other Threads:

=>0x00000000023dd800 (exited) JavaThread "Unknown thread" [_thread_in_vm, id=5696, stack(0x0000000002760000,0x0000000002860000)]

VM state:not at safepoint (normal execution)

VM Mutex/Monitor currently owned by a thread: None

Heap:
 PSYoungGen      total 29696K, used 512K [0x00000000df300000, 0x00000000e1400000, 0x0000000100000000)
  eden space 25600K, 2% used [0x00000000df300000,0x00000000df380010,0x00000000e0c00000)
  from space 4096K, 0% used [0x00000000e1000000,0x00000000e1000000,0x00000000e1400000)
  to   space 4096K, 0% used [0x00000000e0c00000,0x00000000e0c00000,0x00000000e1000000)
 ParOldGen       total 68608K, used 0K [0x000000009d800000, 0x00000000a1b00000, 0x00000000df300000)
  object space 68608K, 0% used [0x000000009d800000,0x000000009d800000,0x00000000a1b00000)
 Metaspace       used 746K, capacity 4480K, committed 4480K, reserved 1056768K
  class space    used 75K, capacity 384K, committed 384K, reserved 1048576K

Card table byte_map: [0x0000000011d20000,0x0000000012040000] byte_map_base: 0x0000000011834000

Marking Bits: (ParMarkBitMap*) 0x000000007083d850
 Begin Bits: [0x0000000012650000, 0x0000000013ef0000)
 End Bits:   [0x0000000013ef0000, 0x0000000015790000)

Polling page: 0x0000000002350000

CodeCache: size=245760Kb used=328Kb max_used=328Kb free=245431Kb
 bounds [0x0000000002960000, 0x0000000002bd0000, 0x0000000011960000]
 total_blobs=58 nmethods=0 adapters=38
 compilation: enabled

Compilation events (0 events):
No events

GC Heap History (0 events):
No events

Deoptimization events (0 events):
No events

Internal exceptions (0 events):
No events

Events (10 events):
Event: 0.029 loading class java/lang/Short
Event: 0.030 loading class java/lang/Short done
Event: 0.030 loading class java/lang/Integer
Event: 0.030 loading class java/lang/Integer done
Event: 0.030 loading class java/lang/Long
Event: 0.030 loading class java/lang/Long done
Event: 0.030 loading class java/lang/NullPointerException
Event: 0.030 loading class java/lang/NullPointerException done
Event: 0.030 loading class java/lang/ArithmeticException
Event: 0.030 loading class java/lang/ArithmeticException done


Dynamic libraries:
0x00007ff7a2cc0000 - 0x00007ff7a2cf7000 	C:\Program Files\Java\jre1.8.0_144\bin\javaw.exe
0x00007ffcec9a0000 - 0x00007ffcecb81000 	C:\WINDOWS\SYSTEM32\ntdll.dll
0x00007ffcec090000 - 0x00007ffcec142000 	C:\WINDOWS\System32\KERNEL32.DLL
0x00007ffce9a90000 - 0x00007ffce9d03000 	C:\WINDOWS\System32\KERNELBASE.dll
0x00007ffceba90000 - 0x00007ffcebb31000 	C:\WINDOWS\System32\ADVAPI32.dll
0x00007ffcebcc0000 - 0x00007ffcebd5e000 	C:\WINDOWS\System32\msvcrt.dll
0x00007ffcebf00000 - 0x00007ffcebf5b000 	C:\WINDOWS\System32\sechost.dll
0x00007ffcec840000 - 0x00007ffcec964000 	C:\WINDOWS\System32\RPCRT4.dll
0x00007ffceb8f0000 - 0x00007ffceba80000 	C:\WINDOWS\System32\USER32.dll
0x00007ffce9e10000 - 0x00007ffce9e30000 	C:\WINDOWS\System32\win32u.dll
0x00007ffceb3d0000 - 0x00007ffceb3f8000 	C:\WINDOWS\System32\GDI32.dll
0x00007ffce9010000 - 0x00007ffce91a2000 	C:\WINDOWS\System32\gdi32full.dll
0x00007ffce9d70000 - 0x00007ffce9e0f000 	C:\WINDOWS\System32\msvcp_win.dll
0x00007ffce9230000 - 0x00007ffce932a000 	C:\WINDOWS\System32\ucrtbase.dll
0x00007ffcda6f0000 - 0x00007ffcda959000 	C:\WINDOWS\WinSxS\amd64_microsoft.windows.common-controls_6595b64144ccf1df_6.0.17134.523_none_fb409dd930672a56\COMCTL32.dll
0x00007ffceb520000 - 0x00007ffceb842000 	C:\WINDOWS\System32\combase.dll
0x00007ffce91b0000 - 0x00007ffce922a000 	C:\WINDOWS\System32\bcryptPrimitives.dll
0x00007ffcec7b0000 - 0x00007ffcec7dd000 	C:\WINDOWS\System32\IMM32.DLL
0x000000006fd70000 - 0x000000006fe42000 	C:\Program Files\Java\jre1.8.0_144\bin\msvcr100.dll
0x0000000070020000 - 0x00000000708bd000 	C:\Program Files\Java\jre1.8.0_144\bin\server\jvm.dll
0x00007ffceba80000 - 0x00007ffceba88000 	C:\WINDOWS\System32\PSAPI.DLL
0x00007ffce3820000 - 0x00007ffce3843000 	C:\WINDOWS\SYSTEM32\WINMM.dll
0x00007ffcd7be0000 - 0x00007ffcd7be9000 	C:\WINDOWS\SYSTEM32\WSOCK32.dll
0x00007ffce1210000 - 0x00007ffce121a000 	C:\WINDOWS\SYSTEM32\VERSION.dll
0x00007ffcec150000 - 0x00007ffcec1bc000 	C:\WINDOWS\System32\WS2_32.dll
0x00007ffce37f0000 - 0x00007ffce381a000 	C:\WINDOWS\SYSTEM32\winmmbase.dll
0x00007ffce9330000 - 0x00007ffce9379000 	C:\WINDOWS\System32\cfgmgr32.dll
0x000000006ff30000 - 0x000000006ff3f000 	C:\Program Files\Java\jre1.8.0_144\bin\verify.dll
0x000000006ff00000 - 0x000000006ff29000 	C:\Program Files\Java\jre1.8.0_144\bin\java.dll
0x000000006fee0000 - 0x000000006fef6000 	C:\Program Files\Java\jre1.8.0_144\bin\zip.dll

VM Arguments:
jvm_args: -Dfile.encoding=MS949 
java_command: baekjun.Problem15663
java_class_path (initial): C:\Algo2019\PS\bin
Launcher Type: SUN_STANDARD

Environment Variables:
JAVA_HOME=C:\Program Files\Java\jdk1.8.0_144
PATH=C:/Program Files/Java/jre1.8.0_144/bin/server;C:/Program Files/Java/jre1.8.0_144/bin;C:/Program Files/Java/jre1.8.0_144/lib/amd64;C:\Program Files (x86)\Microsoft SDKs\Azure\CLI2\wbin;C:\Program Files\NVIDIA GPU Computing Toolkit\CUDA\v9.1\bin;C:\Program Files\NVIDIA GPU Computing Toolkit\CUDA\v9.1\libnvvp;C:\oraclexe\app\oracle\product\11.2.0\server\bin;C:\ProgramData\Oracle\Java\javapath;C:\WINDOWS\system32;C:\WINDOWS;C:\WINDOWS\System32\Wbem;C:\WINDOWS\System32\WindowsPowerShell\v1.0\;C:\Program Files\Java\jdk1.8.0_144\bin;C:\Program Files (x86)\NVIDIA Corporation\PhysX\Common;C:\WINDOWS\system32;C:\WINDOWS;C:\WINDOWS\System32\Wbem;C:\WINDOWS\System32\WindowsPowerShell\v1.0\;C:\WINDOWS\System32\OpenSSH\;C:\Program Files\Git\cmd;C:\Program Files (x86)\Microsoft SQL Server\Client SDK\ODBC\130\Tools\Binn\;C:\Program Files (x86)\Microsoft SQL Server\140\Tools\Binn\;C:\Program Files (x86)\Microsoft SQL Server\140\DTS\Binn\;C:\Program Files (x86)\Microsoft SQL Server\140\Tools\Binn\ManagementStudio\;C:\Program Files\dotnet\;C:\Program Files\nodejs\;C:\Program Files (x86)\Yarn\bin\;C:\Users\Daegyeom\AppData\Local\Microsoft\WindowsApps;C:\Users\Daegyeom\AppData\Local\atom\bin;C:\Users\Daegyeom\AppData\Local\Microsoft\WindowsApps;C:\Users\Daegyeom\AppData\Roaming\npm;C:\Users\Daegyeom\AppData\Local\Yarn\bin;C:\Users\Daegyeom\AppData\Local\Programs\Microsoft VS Code\bin;C:\Program Files (x86)\ESTsoft\ALSee\x64;C:\Users\Daegyeom\Downloads\eclipse;
USERNAME=Daegyeom
OS=Windows_NT
PROCESSOR_IDENTIFIER=Intel64 Family 6 Model 142 Stepping 9, GenuineIntel



---------------  S Y S T E M  ---------------

OS: Windows 10.0 , 64 bit Build 17134 (10.0.17134.1)

CPU:total 4 (initial active 4) (2 cores per cpu, 2 threads per core) family 6 model 142 stepping 9, cmov, cx8, fxsr, mmx, sse, sse2, sse3, ssse3, sse4.1, sse4.2, popcnt, avx, avx2, aes, clmul, erms, 3dnowpref, lzcnt, ht, tsc, tscinvbit, bmi1, bmi2, adx

Memory: 4k page, physical 6447640k(941820k free), swap 6447640k(5420k free)

vm_info: Java HotSpot(TM) 64-Bit Server VM (25.144-b01) for windows-amd64 JRE (1.8.0_144-b01), built on Jul 21 2017 21:57:33 by "java_re" with MS VC++ 10.0 (VS2010)

time: Sat Jan 12 18:50:43 2019
elapsed time: 0 seconds (0d 0h 0m 0s)

