#
# There is insufficient memory for the Java Runtime Environment to continue.
# Native memory allocation (malloc) failed to allocate 4088 bytes for AllocateHeap
# Possible reasons:
#   The system is out of physical RAM or swap space
#   In 32 bit mode, the process size limit was hit
# Possible solutions:
#   Reduce memory load on the system
#   Increase physical memory or swap space
#   Check if swap backing store is full
#   Use 64 bit Java on a 64 bit OS
#   Decrease Java heap size (-Xmx/-Xms)
#   Decrease number of Java threads
#   Decrease Java thread stack sizes (-Xss)
#   Set larger code cache with -XX:ReservedCodeCacheSize=
# This output file may be truncated or incomplete.
#
#  Out of Memory Error (memory/allocation.inline.hpp:61), pid=2296, tid=0x00000000000013bc
#
# JRE version: Java(TM) SE Runtime Environment (8.0_144-b01) (build 1.8.0_144-b01)
# Java VM: Java HotSpot(TM) 64-Bit Server VM (25.144-b01 mixed mode windows-amd64 compressed oops)
# Failed to write core dump. Minidumps are not enabled by default on client versions of Windows
#

---------------  T H R E A D  ---------------

Current thread (0x000000000364c800):  GCTaskThread [stack: 0x0000000013320000,0x0000000013420000] [id=5052]

Stack: [0x0000000013320000,0x0000000013420000]
[error occurred during error reporting (printing stack bounds), id 0xc0000005]

Native frames: (J=compiled Java code, j=interpreted, Vv=VM code, C=native code)


---------------  P R O C E S S  ---------------

Java Threads: ( => current thread )
  0x0000000018605800 JavaThread "Service Thread" daemon [_thread_blocked, id=1620, stack(0x0000000018e70000,0x0000000018f70000)]
  0x000000001724c000 JavaThread "C1 CompilerThread2" daemon [_thread_blocked, id=3048, stack(0x0000000018d70000,0x0000000018e70000)]
  0x000000001723f800 JavaThread "C2 CompilerThread1" daemon [_thread_blocked, id=12396, stack(0x0000000018c70000,0x0000000018d70000)]
  0x0000000017237800 JavaThread "C2 CompilerThread0" daemon [_thread_blocked, id=1016, stack(0x0000000018b70000,0x0000000018c70000)]
  0x00000000185b3000 JavaThread "Attach Listener" daemon [_thread_blocked, id=4664, stack(0x0000000018a70000,0x0000000018b70000)]
  0x00000000185b2800 JavaThread "Signal Dispatcher" daemon [_thread_blocked, id=7592, stack(0x0000000018970000,0x0000000018a70000)]
  0x000000001720a800 JavaThread "Finalizer" daemon [_thread_blocked, id=13840, stack(0x0000000018470000,0x0000000018570000)]
  0x0000000003720000 JavaThread "Reference Handler" daemon [_thread_blocked, id=308, stack(0x0000000018370000,0x0000000018470000)]
  0x000000000313d800 JavaThread "main" [_thread_blocked, id=13040, stack(0x0000000003530000,0x0000000003630000)]

Other Threads:
  0x00000000171e7000 VMThread [stack: 0x0000000018270000,0x0000000018370000] [id=12108]
  0x0000000018660000 WatcherThread [stack: 0x0000000018f70000,0x0000000019070000] [id=6100]

=>0x000000000364c800 (exited) GCTaskThread [stack: 0x0000000013320000,0x0000000013420000] [id=5052]

VM state:at safepoint (normal execution)

VM Mutex/Monitor currently owned by a thread:  ([mutex/lock_event])
[0x000000000313cc70] Threads_lock - owner thread: 0x00000000171e7000
[0x000000000313c870] Heap_lock - owner thread: 0x000000000313d800

Heap:
 PSYoungGen      total 98816K, used 94720K [0x00000000df300000, 0x00000000ee680000, 0x0000000100000000)
  eden space 94720K, 100% used [0x00000000df300000,0x00000000e4f80000,0x00000000e4f80000)
  from space 4096K, 0% used [0x00000000e5700000,0x00000000e5700000,0x00000000e5b00000)
  to   space 77312K, 39% used [0x00000000e9b00000,0x00000000eb880000,0x00000000ee680000)
 ParOldGen       total 200192K, used 106034K [0x000000009d800000, 0x00000000a9b80000, 0x00000000df300000)
  object space 200192K, 52% used [0x000000009d800000,0x00000000a3f8c838,0x00000000a9b80000)
 Metaspace       used 3629K, capacity 4606K, committed 4864K, reserved 1056768K
  class space    used 423K, capacity 430K, committed 512K, reserved 1048576K

Card table byte_map: [0x0000000012af0000,0x0000000012e10000] byte_map_base: 0x0000000012604000

Marking Bits: (ParMarkBitMap*) 0x000000007020d850
 Begin Bits: [0x0000000013420000, 0x0000000014cc0000)
 End Bits:   [0x0000000014cc0000, 0x0000000016560000)

Polling page: 0x0000000001320000

CodeCache: size=245760Kb used=1342Kb max_used=1358Kb free=244418Kb
 bounds [0x0000000003730000, 0x00000000039a0000, 0x0000000012730000]
 total_blobs=364 nmethods=116 adapters=161
 compilation: enabled

Compilation events (10 events):
Event: 0.875 Thread 0x000000001724c000 nmethod 112 0x0000000003869750 code [0x00000000038698e0, 0x0000000003869d98]
Event: 0.876 Thread 0x000000001723f800  113       4       java.util.PriorityQueue::siftDownComparable (118 bytes)
Event: 0.883 Thread 0x000000001723f800 nmethod 113 0x0000000003879510 code [0x0000000003879680, 0x0000000003879bb8]
Event: 0.883 Thread 0x000000001723f800  114       4       java.util.PriorityQueue::poll (64 bytes)
Event: 0.892 Thread 0x000000001723f800 nmethod 114 0x0000000003879fd0 code [0x000000000387a160, 0x000000000387a838]
Event: 0.911 Thread 0x0000000017237800 nmethod 110% 0x000000000387da50 code [0x000000000387dc60, 0x000000000387f048]
Event: 0.926 Thread 0x000000001724c000  115 %     3       baekjun.Problem6087::main @ 242 (413 bytes)
Event: 0.928 Thread 0x000000001724c000 nmethod 115% 0x0000000003880a10 code [0x0000000003880da0, 0x0000000003882cc8]
Event: 0.930 Thread 0x000000001723f800  116 %     4       baekjun.Problem6087::main @ 242 (413 bytes)
Event: 0.986 Thread 0x000000001723f800 nmethod 116% 0x0000000003884650 code [0x0000000003884860, 0x0000000003885d88]

GC Heap History (10 events):
Event: 1.601 GC heap after
Heap after GC invocations=4 (full 1):
 PSYoungGen      total 55296K, used 0K [0x00000000df300000, 0x00000000e5f00000, 0x0000000100000000)
  eden space 51200K, 0% used [0x00000000df300000,0x00000000df300000,0x00000000e2500000)
  from space 4096K, 0% used [0x00000000e2500000,0x00000000e2500000,0x00000000e2900000)
  to   space 4096K, 0% used [0x00000000e5b00000,0x00000000e5b00000,0x00000000e5f00000)
 ParOldGen       total 138240K, used 53668K [0x000000009d800000, 0x00000000a5f00000, 0x00000000df300000)
  object space 138240K, 38% used [0x000000009d800000,0x00000000a0c690e0,0x00000000a5f00000)
 Metaspace       used 3629K, capacity 4606K, committed 4864K, reserved 1056768K
  class space    used 423K, capacity 430K, committed 512K, reserved 1048576K
}
Event: 1.731 GC heap before
{Heap before GC invocations=5 (full 1):
 PSYoungGen      total 55296K, used 51200K [0x00000000df300000, 0x00000000e5f00000, 0x0000000100000000)
  eden space 51200K, 100% used [0x00000000df300000,0x00000000e2500000,0x00000000e2500000)
  from space 4096K, 0% used [0x00000000e2500000,0x00000000e2500000,0x00000000e2900000)
  to   space 4096K, 0% used [0x00000000e5b00000,0x00000000e5b00000,0x00000000e5f00000)
 ParOldGen       total 138240K, used 53668K [0x000000009d800000, 0x00000000a5f00000, 0x00000000df300000)
  object space 138240K, 38% used [0x000000009d800000,0x00000000a0c690e0,0x00000000a5f00000)
 Metaspace       used 3629K, capacity 4606K, committed 4864K, reserved 1056768K
  class space    used 423K, capacity 430K, committed 512K, reserved 1048576K
Event: 1.788 GC heap after
Heap after GC invocations=5 (full 1):
 PSYoungGen      total 78336K, used 4096K [0x00000000df300000, 0x00000000e5f00000, 0x0000000100000000)
  eden space 74240K, 0% used [0x00000000df300000,0x00000000df300000,0x00000000e3b80000)
  from space 4096K, 100% used [0x00000000e5b00000,0x00000000e5f00000,0x00000000e5f00000)
  to   space 4096K, 0% used [0x00000000e5700000,0x00000000e5700000,0x00000000e5b00000)
 ParOldGen       total 138240K, used 95307K [0x000000009d800000, 0x00000000a5f00000, 0x00000000df300000)
  object space 138240K, 68% used [0x000000009d800000,0x00000000a3512f20,0x00000000a5f00000)
 Metaspace       used 3629K, capacity 4606K, committed 4864K, reserved 1056768K
  class space    used 423K, capacity 430K, committed 512K, reserved 1048576K
}
Event: 1.788 GC heap before
{Heap before GC invocations=6 (full 2):
 PSYoungGen      total 78336K, used 4096K [0x00000000df300000, 0x00000000e5f00000, 0x0000000100000000)
  eden space 74240K, 0% used [0x00000000df300000,0x00000000df300000,0x00000000e3b80000)
  from space 4096K, 100% used [0x00000000e5b00000,0x00000000e5f00000,0x00000000e5f00000)
  to   space 4096K, 0% used [0x00000000e5700000,0x00000000e5700000,0x00000000e5b00000)
 ParOldGen       total 138240K, used 95307K [0x000000009d800000, 0x00000000a5f00000, 0x00000000df300000)
  object space 138240K, 68% used [0x000000009d800000,0x00000000a3512f20,0x00000000a5f00000)
 Metaspace       used 3629K, capacity 4606K, committed 4864K, reserved 1056768K
  class space    used 423K, capacity 430K, committed 512K, reserved 1048576K
Event: 2.163 GC heap after
Heap after GC invocations=6 (full 2):
 PSYoungGen      total 78336K, used 0K [0x00000000df300000, 0x00000000e5f00000, 0x0000000100000000)
  eden space 74240K, 0% used [0x00000000df300000,0x00000000df300000,0x00000000e3b80000)
  from space 4096K, 0% used [0x00000000e5b00000,0x00000000e5b00000,0x00000000e5f00000)
  to   space 4096K, 0% used [0x00000000e5700000,0x00000000e5700000,0x00000000e5b00000)
 ParOldGen       total 200192K, used 77614K [0x000000009d800000, 0x00000000a9b80000, 0x00000000df300000)
  object space 200192K, 38% used [0x000000009d800000,0x00000000a23cb948,0x00000000a9b80000)
 Metaspace       used 3629K, capacity 4606K, committed 4864K, reserved 1056768K
  class space    used 423K, capacity 430K, committed 512K, reserved 1048576K
}
Event: 2.412 GC heap before
{Heap before GC invocations=7 (full 2):
 PSYoungGen      total 78336K, used 74240K [0x00000000df300000, 0x00000000e5f00000, 0x0000000100000000)
  eden space 74240K, 100% used [0x00000000df300000,0x00000000e3b80000,0x00000000e3b80000)
  from space 4096K, 0% used [0x00000000e5b00000,0x00000000e5b00000,0x00000000e5f00000)
  to   space 4096K, 0% used [0x00000000e5700000,0x00000000e5700000,0x00000000e5b00000)
 ParOldGen       total 200192K, used 77614K [0x000000009d800000, 0x00000000a9b80000, 0x00000000df300000)
  object space 200192K, 38% used [0x000000009d800000,0x00000000a23cb948,0x00000000a9b80000)
 Metaspace       used 3629K, capacity 4606K, committed 4864K, reserved 1056768K
  class space    used 423K, capacity 430K, committed 512K, reserved 1048576K
Event: 2.504 GC heap after
Heap after GC invocations=7 (full 2):
 PSYoungGen      total 98816K, used 4096K [0x00000000df300000, 0x00000000ee680000, 0x0000000100000000)
  eden space 94720K, 0% used [0x00000000df300000,0x00000000df300000,0x00000000e4f80000)
  from space 4096K, 100% used [0x00000000e5700000,0x00000000e5b00000,0x00000000e5b00000)
  to   space 77312K, 0% used [0x00000000e9b00000,0x00000000e9b00000,0x00000000ee680000)
 ParOldGen       total 200192K, used 140177K [0x000000009d800000, 0x00000000a9b80000, 0x00000000df300000)
  object space 200192K, 70% used [0x000000009d800000,0x00000000a60e4698,0x00000000a9b80000)
 Metaspace       used 3629K, capacity 4606K, committed 4864K, reserved 1056768K
  class space    used 423K, capacity 430K, committed 512K, reserved 1048576K
}
Event: 2.504 GC heap before
{Heap before GC invocations=8 (full 3):
 PSYoungGen      total 98816K, used 4096K [0x00000000df300000, 0x00000000ee680000, 0x0000000100000000)
  eden space 94720K, 0% used [0x00000000df300000,0x00000000df300000,0x00000000e4f80000)
  from space 4096K, 100% used [0x00000000e5700000,0x00000000e5b00000,0x00000000e5b00000)
  to   space 77312K, 0% used [0x00000000e9b00000,0x00000000e9b00000,0x00000000ee680000)
 ParOldGen       total 200192K, used 140177K [0x000000009d800000, 0x00000000a9b80000, 0x00000000df300000)
  object space 200192K, 70% used [0x000000009d800000,0x00000000a60e4698,0x00000000a9b80000)
 Metaspace       used 3629K, capacity 4606K, committed 4864K, reserved 1056768K
  class space    used 423K, capacity 430K, committed 512K, reserved 1048576K
Event: 3.017 GC heap after
Heap after GC invocations=8 (full 3):
 PSYoungGen      total 98816K, used 0K [0x00000000df300000, 0x00000000ee680000, 0x0000000100000000)
  eden space 94720K, 0% used [0x00000000df300000,0x00000000df300000,0x00000000e4f80000)
  from space 4096K, 0% used [0x00000000e5700000,0x00000000e5700000,0x00000000e5b00000)
  to   space 77312K, 0% used [0x00000000e9b00000,0x00000000e9b00000,0x00000000ee680000)
 ParOldGen       total 200192K, used 106034K [0x000000009d800000, 0x00000000a9b80000, 0x00000000df300000)
  object space 200192K, 52% used [0x000000009d800000,0x00000000a3f8c838,0x00000000a9b80000)
 Metaspace       used 3629K, capacity 4606K, committed 4864K, reserved 1056768K
  class space    used 423K, capacity 430K, committed 512K, reserved 1048576K
}
Event: 3.589 GC heap before
{Heap before GC invocations=9 (full 3):
 PSYoungGen      total 98816K, used 94720K [0x00000000df300000, 0x00000000ee680000, 0x0000000100000000)
  eden space 94720K, 100% used [0x00000000df300000,0x00000000e4f80000,0x00000000e4f80000)
  from space 4096K, 0% used [0x00000000e5700000,0x00000000e5700000,0x00000000e5b00000)
  to   space 77312K, 0% used [0x00000000e9b00000,0x00000000e9b00000,0x00000000ee680000)
 ParOldGen       total 200192K, used 106034K [0x000000009d800000, 0x00000000a9b80000, 0x00000000df300000)
  object space 200192K, 52% used [0x000000009d800000,0x00000000a3f8c838,0x00000000a9b80000)
 Metaspace       used 3629K, capacity 4606K, committed 4864K, reserved 1056768K
  class space    used 423K, capacity 430K, committed 512K, reserved 1048576K

Deoptimization events (3 events):
Event: 0.874 Thread 0x000000000313d800 Uncommon trap: reason=unstable_if action=reinterpret pc=0x000000000386a5c8 method=java.util.PriorityQueue.siftDownComparable(ILjava/lang/Object;)V @ 47
Event: 0.874 Thread 0x000000000313d800 Uncommon trap: reason=unstable_if action=reinterpret pc=0x000000000386d240 method=java.util.PriorityQueue.siftDownComparable(ILjava/lang/Object;)V @ 47
Event: 0.926 Thread 0x000000000313d800 Uncommon trap: reason=unstable_if action=reinterpret pc=0x000000000387eaa0 method=java.util.PriorityQueue.siftDownComparable(ILjava/lang/Object;)V @ 47

Internal exceptions (6 events):
Event: 0.054 Thread 0x000000000313d800 Exception <a 'java/lang/NoSuchMethodError': Method sun.misc.Unsafe.defineClass(Ljava/lang/String;[BII)Ljava/lang/Class; name or signature does not match> (0x00000000df307ca8) thrown at [C:\re\workspace\8-2-build-windows-amd64-cygwin\jdk8u144\9417\hotspot\
Event: 0.054 Thread 0x000000000313d800 Exception <a 'java/lang/NoSuchMethodError': Method sun.misc.Unsafe.prefetchRead(Ljava/lang/Object;J)V name or signature does not match> (0x00000000df307f90) thrown at [C:\re\workspace\8-2-build-windows-amd64-cygwin\jdk8u144\9417\hotspot\src\share\vm\prims
Event: 0.222 Thread 0x000000000313d800 Exception <a 'java/security/PrivilegedActionException'> (0x00000000df3fb950) thrown at [C:\re\workspace\8-2-build-windows-amd64-cygwin\jdk8u144\9417\hotspot\src\share\vm\prims\jvm.cpp, line 1390]
Event: 0.222 Thread 0x000000000313d800 Exception <a 'java/security/PrivilegedActionException'> (0x00000000df3fbd48) thrown at [C:\re\workspace\8-2-build-windows-amd64-cygwin\jdk8u144\9417\hotspot\src\share\vm\prims\jvm.cpp, line 1390]
Event: 0.222 Thread 0x000000000313d800 Exception <a 'java/security/PrivilegedActionException'> (0x00000000df3ffba0) thrown at [C:\re\workspace\8-2-build-windows-amd64-cygwin\jdk8u144\9417\hotspot\src\share\vm\prims\jvm.cpp, line 1390]
Event: 0.222 Thread 0x000000000313d800 Exception <a 'java/security/PrivilegedActionException'> (0x00000000df3fff98) thrown at [C:\re\workspace\8-2-build-windows-amd64-cygwin\jdk8u144\9417\hotspot\src\share\vm\prims\jvm.cpp, line 1390]

Events (10 events):
Event: 0.986 Thread 0x000000000313d800 DEOPT UNPACKING pc=0x000000000377787f sp=0x000000000362ef98 mode 0
Event: 1.021 Executing VM operation: ParallelGCFailedAllocation
Event: 1.045 Executing VM operation: ParallelGCFailedAllocation done
Event: 1.191 Executing VM operation: ParallelGCFailedAllocation
Event: 1.602 Executing VM operation: ParallelGCFailedAllocation done
Event: 1.731 Executing VM operation: ParallelGCFailedAllocation
Event: 2.163 Executing VM operation: ParallelGCFailedAllocation done
Event: 2.412 Executing VM operation: ParallelGCFailedAllocation
Event: 3.017 Executing VM operation: ParallelGCFailedAllocation done
Event: 3.589 Executing VM operation: ParallelGCFailedAllocation


Dynamic libraries:
0x00007ff760bf0000 - 0x00007ff760c27000 	C:\Program Files\Java\jre1.8.0_144\bin\javaw.exe
0x00007ffdf7890000 - 0x00007ffdf7a71000 	C:\WINDOWS\SYSTEM32\ntdll.dll
0x00007ffdf5fc0000 - 0x00007ffdf6072000 	C:\WINDOWS\System32\KERNEL32.DLL
0x00007ffdf3f20000 - 0x00007ffdf4193000 	C:\WINDOWS\System32\KERNELBASE.dll
0x00007ffdf5580000 - 0x00007ffdf5621000 	C:\WINDOWS\System32\ADVAPI32.dll
0x00007ffdf5350000 - 0x00007ffdf53ee000 	C:\WINDOWS\System32\msvcrt.dll
0x00007ffdf50c0000 - 0x00007ffdf511b000 	C:\WINDOWS\System32\sechost.dll
0x00007ffdf51c0000 - 0x00007ffdf52e4000 	C:\WINDOWS\System32\RPCRT4.dll
0x00007ffdf53f0000 - 0x00007ffdf5580000 	C:\WINDOWS\System32\USER32.dll
0x00007ffdf3c60000 - 0x00007ffdf3c80000 	C:\WINDOWS\System32\win32u.dll
0x00007ffdf5690000 - 0x00007ffdf56b8000 	C:\WINDOWS\System32\GDI32.dll
0x00007ffdf4ad0000 - 0x00007ffdf4c62000 	C:\WINDOWS\System32\gdi32full.dll
0x00007ffdf4930000 - 0x00007ffdf49cf000 	C:\WINDOWS\System32\msvcp_win.dll
0x00007ffdf49d0000 - 0x00007ffdf4aca000 	C:\WINDOWS\System32\ucrtbase.dll
0x00007ffde5d10000 - 0x00007ffde5f79000 	C:\WINDOWS\WinSxS\amd64_microsoft.windows.common-controls_6595b64144ccf1df_6.0.17134.523_none_fb409dd930672a56\COMCTL32.dll
0x00007ffdf4d30000 - 0x00007ffdf5052000 	C:\WINDOWS\System32\combase.dll
0x00007ffdf48b0000 - 0x00007ffdf492a000 	C:\WINDOWS\System32\bcryptPrimitives.dll
0x00007ffdf5190000 - 0x00007ffdf51bd000 	C:\WINDOWS\System32\IMM32.DLL
0x000000006f910000 - 0x000000006f9e2000 	C:\Program Files\Java\jre1.8.0_144\bin\msvcr100.dll
0x000000006f9f0000 - 0x000000007028d000 	C:\Program Files\Java\jre1.8.0_144\bin\server\jvm.dll
0x00007ffdf7760000 - 0x00007ffdf7768000 	C:\WINDOWS\System32\PSAPI.DLL
0x00007ffde1fc0000 - 0x00007ffde1fc9000 	C:\WINDOWS\SYSTEM32\WSOCK32.dll
0x00007ffdf5120000 - 0x00007ffdf518c000 	C:\WINDOWS\System32\WS2_32.dll
0x00007ffdee990000 - 0x00007ffdee9b3000 	C:\WINDOWS\SYSTEM32\WINMM.dll
0x00007ffde87c0000 - 0x00007ffde87ca000 	C:\WINDOWS\SYSTEM32\VERSION.dll
0x00007ffdee960000 - 0x00007ffdee98a000 	C:\WINDOWS\SYSTEM32\WINMMBASE.dll
0x00007ffdf4c70000 - 0x00007ffdf4cb9000 	C:\WINDOWS\System32\cfgmgr32.dll
0x0000000070ca0000 - 0x0000000070caf000 	C:\Program Files\Java\jre1.8.0_144\bin\verify.dll
0x0000000070c70000 - 0x0000000070c99000 	C:\Program Files\Java\jre1.8.0_144\bin\java.dll
0x0000000070c50000 - 0x0000000070c66000 	C:\Program Files\Java\jre1.8.0_144\bin\zip.dll
0x00007ffdf6320000 - 0x00007ffdf7760000 	C:\WINDOWS\System32\SHELL32.dll
0x00007ffdf6270000 - 0x00007ffdf6319000 	C:\WINDOWS\System32\shcore.dll
0x00007ffdf41a0000 - 0x00007ffdf48ad000 	C:\WINDOWS\System32\windows.storage.dll
0x00007ffdf5060000 - 0x00007ffdf50b1000 	C:\WINDOWS\System32\shlwapi.dll
0x00007ffdf3c20000 - 0x00007ffdf3c31000 	C:\WINDOWS\System32\kernel.appcore.dll
0x00007ffdf3ba0000 - 0x00007ffdf3bbf000 	C:\WINDOWS\System32\profapi.dll
0x00007ffdf3bc0000 - 0x00007ffdf3c0c000 	C:\WINDOWS\System32\powrprof.dll
0x00007ffdf3c10000 - 0x00007ffdf3c1a000 	C:\WINDOWS\System32\FLTLIB.DLL

VM Arguments:
jvm_args: -Dfile.encoding=MS949 
java_command: baekjun.Problem6087
java_class_path (initial): C:\Algo2019\PS\bin;C:\Users\Daegyeom\Downloads\rxtx-2.2pre2-bins\rxtx-2.2pre2-bins\RXTXcomm.jar
Launcher Type: SUN_STANDARD

Environment Variables:
JAVA_HOME=C:\Program Files\Java\jdk1.8.0_144
PATH=C:/Program Files/Java/jre1.8.0_144/bin/server;C:/Program Files/Java/jre1.8.0_144/bin;C:/Program Files/Java/jre1.8.0_144/lib/amd64;C:\Program Files (x86)\Microsoft SDKs\Azure\CLI2\wbin;C:\Program Files\NVIDIA GPU Computing Toolkit\CUDA\v9.1\bin;C:\Program Files\NVIDIA GPU Computing Toolkit\CUDA\v9.1\libnvvp;C:\oraclexe\app\oracle\product\11.2.0\server\bin;C:\ProgramData\Oracle\Java\javapath;C:\WINDOWS\system32;C:\WINDOWS;C:\WINDOWS\System32\Wbem;C:\WINDOWS\System32\WindowsPowerShell\v1.0\;C:\Program Files\Java\jdk1.8.0_144\bin;C:\Program Files (x86)\NVIDIA Corporation\PhysX\Common;C:\WINDOWS\system32;C:\WINDOWS;C:\WINDOWS\System32\Wbem;C:\WINDOWS\System32\WindowsPowerShell\v1.0\;C:\WINDOWS\System32\OpenSSH\;C:\Program Files\Git\cmd;C:\Program Files (x86)\Microsoft SQL Server\Client SDK\ODBC\130\Tools\Binn\;C:\Program Files (x86)\Microsoft SQL Server\140\Tools\Binn\;C:\Program Files (x86)\Microsoft SQL Server\140\DTS\Binn\;C:\Program Files (x86)\Microsoft SQL Server\140\Tools\Binn\ManagementStudio\;C:\Program Files\dotnet\;C:\Program Files\nodejs\;C:\Program Files (x86)\Yarn\bin\;C:\Program Files\NVIDIA Corporation\NVIDIA NvDLISR;C:\Users\Daegyeom\AppData\Local\Microsoft\WindowsApps;C:\Users\Daegyeom\AppData\Local\atom\bin;C:\Users\Daegyeom\AppData\Local\Microsoft\WindowsApps;C:\Users\Daegyeom\AppData\Roaming\npm;C:\Users\Daegyeom\AppData\Local\Yarn\bin;C:\Users\Daegyeom\AppData\Local\Programs\Microsoft VS Code\bin;C:\Users\Daegyeom\Downloads\eclipse;
USERNAME=Daegyeom
OS=Windows_NT
PROCESSOR_IDENTIFIER=Intel64 Family 6 Model 142 Stepping 9, GenuineIntel



---------------  S Y S T E M  ---------------

OS: Windows 10.0 , 64 bit Build 17134 (10.0.17134.1)

CPU:total 4 (initial active 4) (2 cores per cpu, 2 threads per core) family 6 model 142 stepping 9, cmov, cx8, fxsr, mmx, sse, sse2, sse3, ssse3, sse4.1, sse4.2, popcnt, avx, avx2, aes, clmul, erms, 3dnowpref, lzcnt, ht, tsc, tscinvbit, bmi1, bmi2, adx

Memory: 4k page, physical 6447640k(554388k free), swap 6447640k(4104k free)

vm_info: Java HotSpot(TM) 64-Bit Server VM (25.144-b01) for windows-amd64 JRE (1.8.0_144-b01), built on Jul 21 2017 21:57:33 by "java_re" with MS VC++ 10.0 (VS2010)

time: Tue Feb 12 15:00:49 2019
elapsed time: 3 seconds (0d 0h 0m 3s)

